line 1:
	SetUserName jbertau
line 2:
	SetExecName /home/jbertau/Data/Repositories/TFileParser/tf_parse
line 3:
	SetOutputDir /scratch/brown/jbertau/BD0_Ana_Fall_2022/nprmpt
line 4:
	SetMaxJobs 2000
line 5:
	SetSubTimer 300
line 6:
	AddCommandLineArg v /home/jbertau/Data/Repositories/PNP_Ana/config/nprmpt_tfp_config.txt
line 7:
	AddCommandLineArg d target
line 8:
	AddCommandLineArg f /home/jbertau/Data/Repositories/PNP_Ana/config/nprmpt.list 200
Submitted batch job 17536796
Thu Nov 17 10:07:22 2022
Submitted batch of 1 jobs (1 total)
Done
